[2020-09-19 11:39:08] local.INFO: null  
[2020-09-19 11:39:08] local.ERROR: exception 'League\OAuth2\Server\Exception\OAuthServerException' with message 'The resource owner or authorization server denied the request.' in E:\ACS\Server\biapi\vendor\league\oauth2-server\src\Exception\OAuthServerException.php:173
Stack trace:
#0 E:\ACS\Server\biapi\vendor\league\oauth2-server\src\AuthorizationValidators\BearerTokenValidator.php(99): League\OAuth2\Server\Exception\OAuthServerException::accessDenied('The JWT string ...')
#1 E:\ACS\Server\biapi\vendor\league\oauth2-server\src\ResourceServer.php(82): League\OAuth2\Server\AuthorizationValidators\BearerTokenValidator->validateAuthorization(Object(Zend\Diactoros\ServerRequest))
#2 E:\ACS\Server\biapi\vendor\laravel\passport\src\Guards\TokenGuard.php(110): League\OAuth2\Server\ResourceServer->validateAuthenticatedRequest(Object(Zend\Diactoros\ServerRequest))
#3 E:\ACS\Server\biapi\vendor\laravel\passport\src\Guards\TokenGuard.php(90): Laravel\Passport\Guards\TokenGuard->authenticateViaBearerToken(Object(Illuminate\Http\Request))
#4 E:\ACS\Server\biapi\vendor\laravel\passport\src\PassportServiceProvider.php(267): Laravel\Passport\Guards\TokenGuard->user(Object(Illuminate\Http\Request))
#5 [internal function]: Laravel\Passport\PassportServiceProvider->Laravel\Passport\{closure}(Object(Illuminate\Http\Request))
#6 E:\ACS\Server\biapi\vendor\laravel\framework\src\Illuminate\Auth\RequestGuard.php(56): call_user_func(Object(Closure), Object(Illuminate\Http\Request))
#7 E:\ACS\Server\biapi\vendor\laravel\framework\src\Illuminate\Auth\GuardHelpers.php(49): Illuminate\Auth\RequestGuard->user()
#8 E:\ACS\Server\biapi\vendor\laravel\framework\src\Illuminate\Auth\Middleware\Authenticate.php(61): Illuminate\Auth\RequestGuard->check()
#9 E:\ACS\Server\biapi\vendor\laravel\framework\src\Illuminate\Auth\Middleware\Authenticate.php(41): Illuminate\Auth\Middleware\Authenticate->authenticate(Array)
#10 E:\ACS\Server\biapi\vendor\laravel\framework\src\Illuminate\Pipeline\Pipeline.php(148): Illuminate\Auth\Middleware\Authenticate->handle(Object(Illuminate\Http\Request), Object(Closure), 'api')
#11 E:\ACS\Server\biapi\vendor\laravel\framework\src\Illuminate\Routing\Pipeline.php(53): Illuminate\Pipeline\Pipeline->Illuminate\Pipeline\{closure}(Object(Illuminate\Http\Request))
#12 E:\ACS\Server\biapi\vendor\laravel\framework\src\Illuminate\Routing\Middleware\ThrottleRequests.php(49): Illuminate\Routing\Pipeline->Illuminate\Routing\{closure}(Object(Illuminate\Http\Request))
#13 E:\ACS\Server\biapi\vendor\laravel\framework\src\Illuminate\Pipeline\Pipeline.php(148): Illuminate\Routing\Middleware\ThrottleRequests->handle(Object(Illuminate\Http\Request), Object(Closure), '100', '1')
#14 E:\ACS\Server\biapi\vendor\laravel\framework\src\Illuminate\Routing\Pipeline.php(53): Illuminate\Pipeline\Pipeline->Illuminate\Pipeline\{closure}(Object(Illuminate\Http\Request))
#15 E:\ACS\Server\biapi\vendor\laravel\framework\src\Illuminate\Pipeline\Pipeline.php(102): Illuminate\Routing\Pipeline->Illuminate\Routing\{closure}(Object(Illuminate\Http\Request))
#16 E:\ACS\Server\biapi\vendor\laravel\framework\src\Illuminate\Routing\Router.php(574): Illuminate\Pipeline\Pipeline->then(Object(Closure))
#17 E:\ACS\Server\biapi\vendor\laravel\framework\src\Illuminate\Routing\Router.php(533): Illuminate\Routing\Router->runRouteWithinStack(Object(Illuminate\Routing\Route), Object(Illuminate\Http\Request))
#18 E:\ACS\Server\biapi\vendor\laravel\framework\src\Illuminate\Routing\Router.php(511): Illuminate\Routing\Router->dispatchToRoute(Object(Illuminate\Http\Request))
#19 E:\ACS\Server\biapi\vendor\laravel\framework\src\Illuminate\Foundation\Http\Kernel.php(176): Illuminate\Routing\Router->dispatch(Object(Illuminate\Http\Request))
#20 E:\ACS\Server\biapi\vendor\laravel\framework\src\Illuminate\Routing\Pipeline.php(30): Illuminate\Foundation\Http\Kernel->Illuminate\Foundation\Http\{closure}(Object(Illuminate\Http\Request))
#21 E:\ACS\Server\biapi\vendor\barryvdh\laravel-cors\src\HandleCors.php(58): Illuminate\Routing\Pipeline->Illuminate\Routing\{closure}(Object(Illuminate\Http\Request))
#22 E:\ACS\Server\biapi\vendor\laravel\framework\src\Illuminate\Pipeline\Pipeline.php(148): Barryvdh\Cors\HandleCors->handle(Object(Illuminate\Http\Request), Object(Closure))
#23 E:\ACS\Server\biapi\vendor\laravel\framework\src\Illuminate\Routing\Pipeline.php(53): Illuminate\Pipeline\Pipeline->Illuminate\Pipeline\{closure}(Object(Illuminate\Http\Request))
#24 E:\ACS\Server\biapi\vendor\laravel\framework\src\Illuminate\Foundation\Http\Middleware\TransformsRequest.php(30): Illuminate\Routing\Pipeline->Illuminate\Routing\{closure}(Object(Illuminate\Http\Request))
#25 E:\ACS\Server\biapi\vendor\laravel\framework\src\Illuminate\Pipeline\Pipeline.php(148): Illuminate\Foundation\Http\Middleware\TransformsRequest->handle(Object(Illuminate\Http\Request), Object(Closure))
#26 E:\ACS\Server\biapi\vendor\laravel\framework\src\Illuminate\Routing\Pipeline.php(53): Illuminate\Pipeline\Pipeline->Illuminate\Pipeline\{closure}(Object(Illuminate\Http\Request))
#27 E:\ACS\Server\biapi\vendor\laravel\framework\src\Illuminate\Foundation\Http\Middleware\TransformsRequest.php(30): Illuminate\Routing\Pipeline->Illuminate\Routing\{closure}(Object(Illuminate\Http\Request))
#28 E:\ACS\Server\biapi\vendor\laravel\framework\src\Illuminate\Pipeline\Pipeline.php(148): Illuminate\Foundation\Http\Middleware\TransformsRequest->handle(Object(Illuminate\Http\Request), Object(Closure))
#29 E:\ACS\Server\biapi\vendor\laravel\framework\src\Illuminate\Routing\Pipeline.php(53): Illuminate\Pipeline\Pipeline->Illuminate\Pipeline\{closure}(Object(Illuminate\Http\Request))
#30 E:\ACS\Server\biapi\vendor\laravel\framework\src\Illuminate\Foundation\Http\Middleware\ValidatePostSize.php(27): Illuminate\Routing\Pipeline->Illuminate\Routing\{closure}(Object(Illuminate\Http\Request))
#31 E:\ACS\Server\biapi\vendor\laravel\framework\src\Illuminate\Pipeline\Pipeline.php(148): Illuminate\Foundation\Http\Middleware\ValidatePostSize->handle(Object(Illuminate\Http\Request), Object(Closure))
#32 E:\ACS\Server\biapi\vendor\laravel\framework\src\Illuminate\Routing\Pipeline.php(53): Illuminate\Pipeline\Pipeline->Illuminate\Pipeline\{closure}(Object(Illuminate\Http\Request))
#33 E:\ACS\Server\biapi\vendor\laravel\framework\src\Illuminate\Foundation\Http\Middleware\CheckForMaintenanceMode.php(45): Illuminate\Routing\Pipeline->Illuminate\Routing\{closure}(Object(Illuminate\Http\Request))
#34 E:\ACS\Server\biapi\vendor\laravel\framework\src\Illuminate\Pipeline\Pipeline.php(148): Illuminate\Foundation\Http\Middleware\CheckForMaintenanceMode->handle(Object(Illuminate\Http\Request), Object(Closure))
#35 E:\ACS\Server\biapi\vendor\laravel\framework\src\Illuminate\Routing\Pipeline.php(53): Illuminate\Pipeline\Pipeline->Illuminate\Pipeline\{closure}(Object(Illuminate\Http\Request))
#36 E:\ACS\Server\biapi\vendor\laravel\framework\src\Illuminate\Pipeline\Pipeline.php(102): Illuminate\Routing\Pipeline->Illuminate\Routing\{closure}(Object(Illuminate\Http\Request))
#37 E:\ACS\Server\biapi\vendor\laravel\framework\src\Illuminate\Foundation\Http\Kernel.php(151): Illuminate\Pipeline\Pipeline->then(Object(Closure))
#38 E:\ACS\Server\biapi\vendor\laravel\framework\src\Illuminate\Foundation\Http\Kernel.php(116): Illuminate\Foundation\Http\Kernel->sendRequestThroughRouter(Object(Illuminate\Http\Request))
#39 E:\ACS\Server\biapi\public\index.php(54): Illuminate\Foundation\Http\Kernel->handle(Object(Illuminate\Http\Request))
#40 {main}  
